<?xml version="1.0" encoding="UTF-8"?>
<!-- Generated by org.testng.reporters.JUnitReportReporter -->
<testsuite hostname="TYC1221031" failures="0" tests="3" name="testNG.DataProviderTest" time="0.007" errors="0" timestamp="2022-06-14T13:25:55 IST" skipped="0">
  <testcase classname="testNG.DataProviderTest" name="bookTicketsTest" time="0.002"/>
  <system-out/>
  <testcase classname="testNG.DataProviderTest" name="bookTicketsTest" time="0.004"/>
  <system-out/>
  <testcase classname="testNG.DataProviderTest" name="bookTicketsTest" time="0.001"/>
  <system-out/>
</testsuite> <!-- testNG.DataProviderTest -->
