<?xml version="1.0" encoding="UTF-8"?>
<!-- Generated by org.testng.reporters.JUnitReportReporter -->
<testsuite hostname="TYC1221031" failures="0" tests="3" name="testNG.DProviderTest" time="0.013" errors="0" timestamp="2022-06-13T19:38:19 IST" skipped="0">
  <testcase classname="testNG.DProviderTest" name="bookTicket" time="0.001"/>
  <system-out/>
  <testcase classname="testNG.DProviderTest" name="bookTicket" time="0.010"/>
  <system-out/>
  <testcase classname="testNG.DProviderTest" name="bookTicket" time="0.002"/>
  <system-out/>
</testsuite> <!-- testNG.DProviderTest -->
